c:\work\back\download\hmi_mfc\libforhmi\release\libforhmi.pch
c:\work\back\download\hmi_mfc\libforhmi\release\vc141.pdb
c:\work\back\download\hmi_mfc\libforhmi\release\pch.obj
c:\work\back\download\hmi_mfc\libforhmi\release\hmi.obj
c:\work\back\download\hmi_mfc\libforhmi\release\dllmain.obj
c:\work\back\download\hmi_mfc\libforhmi\release\cdlghmi.obj
c:\work\back\download\hmi_mfc\testhmi\release\libforhmi.lib
c:\work\back\download\hmi_mfc\testhmi\release\libforhmi.exp
c:\work\back\download\hmi_mfc\testhmi\release\libforhmi.ipdb
c:\work\back\download\hmi_mfc\testhmi\release\libforhmi.iobj
c:\work\back\download\hmi_mfc\testhmi\release\libforhmi.dll
c:\work\back\download\hmi_mfc\testhmi\release\libforhmi.pdb
c:\work\back\download\hmi_mfc\libforhmi\release\libforhmi.res
c:\work\back\download\hmi_mfc\libforhmi\release\libforhmi.tlog\cl.command.1.tlog
c:\work\back\download\hmi_mfc\libforhmi\release\libforhmi.tlog\cl.read.1.tlog
c:\work\back\download\hmi_mfc\libforhmi\release\libforhmi.tlog\cl.write.1.tlog
c:\work\back\download\hmi_mfc\libforhmi\release\libforhmi.tlog\libforhmi.write.1u.tlog
c:\work\back\download\hmi_mfc\libforhmi\release\libforhmi.tlog\link.command.1.tlog
c:\work\back\download\hmi_mfc\libforhmi\release\libforhmi.tlog\link.read.1.tlog
c:\work\back\download\hmi_mfc\libforhmi\release\libforhmi.tlog\link.write.1.tlog
c:\work\back\download\hmi_mfc\libforhmi\release\libforhmi.tlog\rc.command.1.tlog
c:\work\back\download\hmi_mfc\libforhmi\release\libforhmi.tlog\rc.read.1.tlog
c:\work\back\download\hmi_mfc\libforhmi\release\libforhmi.tlog\rc.write.1.tlog
